# JRE version: Java(TM) SE Runtime Environment (8.0_45-b14) (build 1.8.0_45-b14)
# Java VM: Java HotSpot(TM) 64-Bit Server VM (25.45-b02 mixed mode windows-amd64 compressed oops)
Heap:
 PSYoungGen      total 113152K, used 60120K [0x00000000d5b80000, 0x00000000e0a00000, 0x0000000100000000)
  eden space 110592K, 52% used [0x00000000d5b80000,0x00000000d94262d0,0x00000000dc780000)
  from space 2560K, 82% used [0x00000000dfc00000,0x00000000dfe10000,0x00000000dfe80000)
  to   space 8192K, 0% used [0x00000000e0200000,0x00000000e0200000,0x00000000e0a00000)
 ParOldGen       total 87552K, used 17849K [0x0000000081200000, 0x0000000086780000, 0x00000000d5b80000)
  object space 87552K, 20% used [0x0000000081200000,0x000000008236e650,0x0000000086780000)
 Metaspace       used 11798K, capacity 11977K, committed 12032K, reserved 1060864K
  class space    used 1204K, capacity 1279K, committed 1280K, reserved 1048576K
GC Heap History (10 events):
Event: 373.123 GC heap before
{Heap before GC invocations=25 (full 0):
 PSYoungGen      total 137216K, used 136768K [0x00000000d5b80000, 0x00000000e1d00000, 0x0000000100000000)
  eden space 134144K, 100% used [0x00000000d5b80000,0x00000000dde80000,0x00000000dde80000)
  from space 3072K, 85% used [0x00000000e1a00000,0x00000000e1c90000,0x00000000e1d00000)
  to   space 9216K, 0% used [0x00000000e0b00000,0x00000000e0b00000,0x00000000e1400000)
 ParOldGen       total 87552K, used 17793K [0x0000000081200000, 0x0000000086780000, 0x00000000d5b80000)
  object space 87552K, 20% used [0x0000000081200000,0x0000000082360650,0x0000000086780000)
 Metaspace       used 11682K, capacity 11849K, committed 12032K, reserved 1060864K
  class space    used 1197K, capacity 1279K, committed 1280K, reserved 1048576K
Event: 373.146 GC heap after
Heap after GC invocations=25 (full 0):
 PSYoungGen      total 131584K, used 2496K [0x00000000d5b80000, 0x00000000e1a80000, 0x0000000100000000)
  eden space 129024K, 0% used [0x00000000d5b80000,0x00000000d5b80000,0x00000000dd980000)
  from space 2560K, 97% used [0x00000000e0b00000,0x00000000e0d70000,0x00000000e0d80000)
  to   space 9216K, 0% used [0x00000000e1180000,0x00000000e1180000,0x00000000e1a80000)
 ParOldGen       total 87552K, used 17809K [0x0000000081200000, 0x0000000086780000, 0x00000000d5b80000)
  object space 87552K, 20% used [0x0000000081200000,0x0000000082364650,0x0000000086780000)
 Metaspace       used 11682K, capacity 11849K, committed 12032K, reserved 1060864K
  class space    used 1197K, capacity 1279K, committed 1280K, reserved 1048576K
}
Event: 385.898 GC heap before
{Heap before GC invocations=26 (full 0):
 PSYoungGen      total 131584K, used 131520K [0x00000000d5b80000, 0x00000000e1a80000, 0x0000000100000000)
  eden space 129024K, 100% used [0x00000000d5b80000,0x00000000dd980000,0x00000000dd980000)
  from space 2560K, 97% used [0x00000000e0b00000,0x00000000e0d70000,0x00000000e0d80000)
  to   space 9216K, 0% used [0x00000000e1180000,0x00000000e1180000,0x00000000e1a80000)
 ParOldGen       total 87552K, used 17809K [0x0000000081200000, 0x0000000086780000, 0x00000000d5b80000)
  object space 87552K, 20% used [0x0000000081200000,0x0000000082364650,0x0000000086780000)
 Metaspace       used 11682K, capacity 11849K, committed 12032K, reserved 1060864K
  class space    used 1197K, capacity 1279K, committed 1280K, reserved 1048576K
Event: 385.918 GC heap after
Heap after GC invocations=26 (full 0):
 PSYoungGen      total 126464K, used 2400K [0x00000000d5b80000, 0x00000000e1400000, 0x0000000100000000)
  eden space 123904K, 0% used [0x00000000d5b80000,0x00000000d5b80000,0x00000000dd480000)
  from space 2560K, 93% used [0x00000000e1180000,0x00000000e13d8000,0x00000000e1400000)
  to   space 8704K, 0% used [0x00000000e0300000,0x00000000e0300000,0x00000000e0b80000)
 ParOldGen       total 87552K, used 17809K [0x0000000081200000, 0x0000000086780000, 0x00000000d5b80000)
  object space 87552K, 20% used [0x0000000081200000,0x0000000082364650,0x0000000086780000)
 Metaspace       used 11682K, capacity 11849K, committed 12032K, reserved 1060864K
  class space    used 1197K, capacity 1279K, committed 1280K, reserved 1048576K
}
Event: 398.067 GC heap before
{Heap before GC invocations=27 (full 0):
 PSYoungGen      total 126464K, used 126304K [0x00000000d5b80000, 0x00000000e1400000, 0x0000000100000000)
  eden space 123904K, 100% used [0x00000000d5b80000,0x00000000dd480000,0x00000000dd480000)
  from space 2560K, 93% used [0x00000000e1180000,0x00000000e13d8000,0x00000000e1400000)
  to   space 8704K, 0% used [0x00000000e0300000,0x00000000e0300000,0x00000000e0b80000)
 ParOldGen       total 87552K, used 17809K [0x0000000081200000, 0x0000000086780000, 0x00000000d5b80000)
  object space 87552K, 20% used [0x0000000081200000,0x0000000082364650,0x0000000086780000)
 Metaspace       used 11682K, capacity 11849K, committed 12032K, reserved 1060864K
  class space    used 1197K, capacity 1279K, committed 1280K, reserved 1048576K
Event: 398.089 GC heap after
Heap after GC invocations=27 (full 0):
 PSYoungGen      total 121856K, used 2304K [0x00000000d5b80000, 0x00000000e1200000, 0x0000000100000000)
  eden space 119296K, 0% used [0x00000000d5b80000,0x00000000d5b80000,0x00000000dd000000)
  from space 2560K, 90% used [0x00000000e0300000,0x00000000e0540000,0x00000000e0580000)
  to   space 8704K, 0% used [0x00000000e0980000,0x00000000e0980000,0x00000000e1200000)
 ParOldGen       total 87552K, used 17825K [0x0000000081200000, 0x0000000086780000, 0x00000000d5b80000)
  object space 87552K, 20% used [0x0000000081200000,0x0000000082368650,0x0000000086780000)
 Metaspace       used 11682K, capacity 11849K, committed 12032K, reserved 1060864K
  class space    used 1197K, capacity 1279K, committed 1280K, reserved 1048576K
}
Event: 409.339 GC heap before
{Heap before GC invocations=28 (full 0):
 PSYoungGen      total 121856K, used 121600K [0x00000000d5b80000, 0x00000000e1200000, 0x0000000100000000)
  eden space 119296K, 100% used [0x00000000d5b80000,0x00000000dd000000,0x00000000dd000000)
  from space 2560K, 90% used [0x00000000e0300000,0x00000000e0540000,0x00000000e0580000)
  to   space 8704K, 0% used [0x00000000e0980000,0x00000000e0980000,0x00000000e1200000)
 ParOldGen       total 87552K, used 17825K [0x0000000081200000, 0x0000000086780000, 0x00000000d5b80000)
  object space 87552K, 20% used [0x0000000081200000,0x0000000082368650,0x0000000086780000)
 Metaspace       used 11682K, capacity 11849K, committed 12032K, reserved 1060864K
  class space    used 1197K, capacity 1279K, committed 1280K, reserved 1048576K
Event: 409.356 GC heap after
Heap after GC invocations=28 (full 0):
 PSYoungGen      total 117248K, used 2240K [0x00000000d5b80000, 0x00000000e0c00000, 0x0000000100000000)
  eden space 114688K, 0% used [0x00000000d5b80000,0x00000000d5b80000,0x00000000dcb80000)
  from space 2560K, 87% used [0x00000000e0980000,0x00000000e0bb0000,0x00000000e0c00000)
  to   space 8192K, 0% used [0x00000000dfc00000,0x00000000dfc00000,0x00000000e0400000)
 ParOldGen       total 87552K, used 17841K [0x0000000081200000, 0x0000000086780000, 0x00000000d5b80000)
  object space 87552K, 20% used [0x0000000081200000,0x000000008236c650,0x0000000086780000)
 Metaspace       used 11682K, capacity 11849K, committed 12032K, reserved 1060864K
  class space    used 1197K, capacity 1279K, committed 1280K, reserved 1048576K
}
Event: 421.087 GC heap before
{Heap before GC invocations=29 (full 0):
 PSYoungGen      total 117248K, used 116928K [0x00000000d5b80000, 0x00000000e0c00000, 0x0000000100000000)
  eden space 114688K, 100% used [0x00000000d5b80000,0x00000000dcb80000,0x00000000dcb80000)
  from space 2560K, 87% used [0x00000000e0980000,0x00000000e0bb0000,0x00000000e0c00000)
  to   space 8192K, 0% used [0x00000000dfc00000,0x00000000dfc00000,0x00000000e0400000)
 ParOldGen       total 87552K, used 17841K [0x0000000081200000, 0x0000000086780000, 0x00000000d5b80000)
  object space 87552K, 20% used [0x0000000081200000,0x000000008236c650,0x0000000086780000)
 Metaspace       used 11682K, capacity 11849K, committed 12032K, reserved 1060864K
  class space    used 1197K, capacity 1279K, committed 1280K, reserved 1048576K
Event: 421.106 GC heap after
Heap after GC invocations=29 (full 0):
 PSYoungGen      total 113152K, used 2112K [0x00000000d5b80000, 0x00000000e0a00000, 0x0000000100000000)
  eden space 110592K, 0% used [0x00000000d5b80000,0x00000000d5b80000,0x00000000dc780000)
  from space 2560K, 82% used [0x00000000dfc00000,0x00000000dfe10000,0x00000000dfe80000)
  to   space 8192K, 0% used [0x00000000e0200000,0x00000000e0200000,0x00000000e0a00000)
 ParOldGen       total 87552K, used 17849K [0x0000000081200000, 0x0000000086780000, 0x00000000d5b80000)
  object space 87552K, 20% used [0x0000000081200000,0x000000008236e650,0x0000000086780000)
 Metaspace       used 11682K, capacity 11849K, committed 12032K, reserved 1060864K
  class space    used 1197K, capacity 1279K, committed 1280K, reserved 1048576K
}

